e1r7p18% ./a.out            

fd current 3
vika in gnl  fd in vika 3
vika2 in gnl  fd in vika 3
buf2  fd in buf 3
buf before join in tmp 12345
tmp after join with buf 12345
buf after join to tmp 
buf before join in tmp 67
ab
tmp after join with buf 1234567
ab
buf after join to tmp 
tmp after while 1234567
ab
line after strsub from tmp 1234567
tmp 1234567
ab
tmp after tmp++ ab
list after strdub from tmp ab
tmp after in list ab
str1 1234567
multifile buf with first call ab

fd current 4
vika in gnl  fd in vika 4
vika2 in gnl  fd in vika 4
vika2 in gnl ab fd in vika 3
buf2  fd in buf 4
buf before join in tmp 12345
tmp after join with buf 12345
buf after join to tmp 
buf before join in tmp 67890
tmp after join with buf 1234567890
buf after join to tmp 
buf before join in tmp abcde
tmp after join with buf 1234567890abcde
buf after join to tmp 
buf before join in tmp 
hell
tmp after join with buf 1234567890abcde
hell
buf after join to tmp 
tmp after while 1234567890abcde
hell
line after strsub from tmp 1234567890abcde
tmp 1234567890abcde
hell
tmp after tmp++ hell
list after strdub from tmp hell
tmp after in list hell
str2.2 1234567890abcde
multifile buf with first call hell
multifile buf with first call ab

fd current 5
vika in gnl  fd in vika 5
vika2 in gnl  fd in vika 5
vika2 in gnl hell fd in vika 4
vika2 in gnl ab fd in vika 3
buf2  fd in buf 5
buf before join in tmp every
tmp after join with buf every
buf after join to tmp 
buf before join in tmp  day

tmp after join with buf every day

buf after join to tmp 
tmp after while every day

line after strsub from tmp every day
tmp every day

tmp after tmp++ 
list after strdub from tmp 
tmp after in list 
str3.2 every day
multifile buf with first call 
multifile buf with first call hell
multifile buf second ab

fd current 3
vika in gnl  fd in vika 5
vika2 in gnl  fd in vika 5
vika2 in gnl hell fd in vika 4
vika2 in gnl ab fd in vika 3
buf2 ab fd in buf 3
buf before join in tmp cdefg
tmp after join with buf cdefg
buf after join to tmp 
buf before join in tmp h
tmp after join with buf cdefgh
buf after join to tmp 
tmp after while cdefgh
line after strsub from tmp cdefgh
tmp cdefgh
str1 cdefgh
multifile buf with first call 
multifile buf second hell

fd current 4
vika in gnl  fd in vika 5
vika2 in gnl  fd in vika 5
vika2 in gnl hell fd in vika 4
vika2 in gnl  fd in vika 3
buf2 hell fd in buf 4
buf before join in tmp oworl
tmp after join with buf oworl
buf after join to tmp 
buf before join in tmp dhell
tmp after join with buf oworldhell
buf after join to tmp 
buf before join in tmp o

tmp after join with buf oworldhello

buf after join to tmp 
tmp after while oworldhello

line after strsub from tmp oworldhello
tmp oworldhello

tmp after tmp++ 
list after strdub from tmp 
tmp after in list 
str2.2 oworldhello
multifile buf second 

fd current 5
vika in gnl  fd in vika 5
vika2 in gnl  fd in vika 5
vika2 in gnl  fd in vika 4
vika2 in gnl  fd in vika 3
buf2  fd in buf 5
buf before join in tmp like 
tmp after join with buf like 
buf after join to tmp 
buf before join in tmp holid
tmp after join with buf like holid
buf after join to tmp 
buf before join in tmp ay
tmp after join with buf like holiday
buf after join to tmp 
tmp after while like holiday
line after strsub from tmp like holiday
tmp like holiday
str3.2 like holiday
multifile buf with first call 
multifile buf with first call 
multifile buf second 

fd current 3
vika in gnl  fd in vika 5
vika2 in gnl  fd in vika 5
vika2 in gnl  fd in vika 4
vika2 in gnl  fd in vika 3
buf2  fd in buf 3
tmp after while 
multifile buf with first call 
multifile buf second 

fd current 4
vika in gnl  fd in vika 5
vika2 in gnl  fd in vika 5
vika2 in gnl  fd in vika 4
vika2 in gnl  fd in vika 3
buf2  fd in buf 4
tmp after while 
multifile buf second 

fd current 5
vika in gnl  fd in vika 5
vika2 in gnl  fd in vika 5
vika2 in gnl  fd in vika 4
vika2 in gnl  fd in vika 3
buf2  fd in buf 5
tmp after while 
e1r7p18% 
